<?xml version="1.0" encoding="UTF-8"?>
<coverage generated="1505071724689" clover="3.2.0">
  <project timestamp="1505071724690" name="All files">
    <metrics statements="59" coveredstatements="59" conditionals="6" coveredconditionals="4" methods="7" coveredmethods="7" elements="72" coveredelements="70" complexity="0" loc="59" ncloc="59" packages="1" files="3" classes="3">
      <file name="Game.js" path="/Users/kevin/Workspace/baccarat/lib/Game.js">
        <metrics statements="35" coveredstatements="35" conditionals="4" coveredconditionals="2" methods="5" coveredmethods="5"/>
        <line num="3" count="1000004" type="stmt"/>
        <line num="4" count="1000004" type="stmt"/>
        <line num="5" count="1000004" type="stmt"/>
        <line num="6" count="1000004" type="stmt"/>
        <line num="7" count="1000004" type="stmt"/>
        <line num="12" count="1000004" type="stmt"/>
        <line num="16" count="1000001" type="stmt"/>
        <line num="17" count="1000001" type="stmt"/>
        <line num="22" count="1000001" type="stmt"/>
        <line num="24" count="1000001" type="stmt"/>
        <line num="25" count="1000001" type="stmt"/>
        <line num="27" count="1000001" type="stmt"/>
        <line num="29" count="1000001" type="stmt"/>
        <line num="30" count="1000001" type="stmt"/>
        <line num="32" count="1000001" type="stmt"/>
        <line num="34" count="1000001" type="stmt"/>
        <line num="35" count="1000001" type="stmt"/>
        <line num="37" count="1000001" type="stmt"/>
        <line num="39" count="1000001" type="stmt"/>
        <line num="40" count="1000001" type="stmt"/>
        <line num="42" count="1000001" type="stmt"/>
        <line num="43" count="1000001" type="cond" truecount="1" falsecount="1"/>
        <line num="44" count="1000001" type="stmt"/>
        <line num="46" count="1000001" type="stmt"/>
        <line num="47" count="1000001" type="cond" truecount="1" falsecount="1"/>
        <line num="48" count="1000001" type="stmt"/>
        <line num="53" count="14000045" type="stmt"/>
        <line num="55" count="14000045" type="stmt"/>
        <line num="57" count="14000045" type="stmt"/>
        <line num="61" count="2000003" type="stmt"/>
        <line num="68" count="1000004" type="stmt"/>
        <line num="70" count="1000004" type="stmt"/>
        <line num="72" count="1000004" type="stmt"/>
        <line num="73" count="10000040" type="stmt"/>
        <line num="78" count="1" type="stmt"/>
      </file>
      <file name="cards.js" path="/Users/kevin/Workspace/baccarat/lib/cards.js">
        <metrics statements="14" coveredstatements="14" conditionals="2" coveredconditionals="2" methods="0" coveredmethods="0"/>
        <line num="1" count="3" type="stmt"/>
        <line num="2" count="3" type="stmt"/>
        <line num="4" count="3" type="stmt"/>
        <line num="11" count="3" type="stmt"/>
        <line num="12" count="30" type="stmt"/>
        <line num="13" count="120" type="cond" truecount="2" falsecount="0"/>
        <line num="14" count="12" type="stmt"/>
        <line num="20" count="12" type="stmt"/>
        <line num="26" count="12" type="stmt"/>
        <line num="32" count="12" type="stmt"/>
        <line num="38" count="108" type="stmt"/>
        <line num="47" count="3" type="stmt"/>
        <line num="48" count="24" type="stmt"/>
        <line num="51" count="3" type="stmt"/>
      </file>
      <file name="shuffler.js" path="/Users/kevin/Workspace/baccarat/lib/shuffler.js">
        <metrics statements="10" coveredstatements="10" conditionals="0" coveredconditionals="0" methods="2" coveredmethods="2"/>
        <line num="1" count="2" type="stmt"/>
        <line num="2" count="3" type="stmt"/>
        <line num="4" count="3" type="stmt"/>
        <line num="7" count="3" type="stmt"/>
        <line num="8" count="517" type="stmt"/>
        <line num="10" count="517" type="stmt"/>
        <line num="12" count="517" type="stmt"/>
        <line num="14" count="517" type="stmt"/>
        <line num="17" count="3" type="stmt"/>
        <line num="21" count="517" type="stmt"/>
      </file>
    </metrics>
  </project>
</coverage>
