{"/Users/kevin/Workspace/baccarat/lib/Game.js": {"path":"/Users/kevin/Workspace/baccarat/lib/Game.js","statementMap":{"0":{"start":{"line":3,"column":8},"end":{"line":3,"column":27}},"1":{"start":{"line":4,"column":8},"end":{"line":4,"column":32}},"2":{"start":{"line":5,"column":8},"end":{"line":5,"column":28}},"3":{"start":{"line":6,"column":8},"end":{"line":6,"column":26}},"4":{"start":{"line":7,"column":8},"end":{"line":10,"column":10}},"5":{"start":{"line":12,"column":8},"end":{"line":12,"column":25}},"6":{"start":{"line":16,"column":8},"end":{"line":16,"column":42}},"7":{"start":{"line":17,"column":8},"end":{"line":17,"column":42}},"8":{"start":{"line":22,"column":8},"end":{"line":22,"column":37}},"9":{"start":{"line":24,"column":8},"end":{"line":24,"column":47}},"10":{"start":{"line":25,"column":8},"end":{"line":25,"column":54}},"11":{"start":{"line":27,"column":8},"end":{"line":27,"column":37}},"12":{"start":{"line":29,"column":8},"end":{"line":29,"column":47}},"13":{"start":{"line":30,"column":8},"end":{"line":30,"column":54}},"14":{"start":{"line":32,"column":8},"end":{"line":32,"column":37}},"15":{"start":{"line":34,"column":8},"end":{"line":34,"column":47}},"16":{"start":{"line":35,"column":8},"end":{"line":35,"column":54}},"17":{"start":{"line":37,"column":8},"end":{"line":37,"column":37}},"18":{"start":{"line":39,"column":8},"end":{"line":39,"column":47}},"19":{"start":{"line":40,"column":8},"end":{"line":40,"column":54}},"20":{"start":{"line":42,"column":28},"end":{"line":42,"column":49}},"21":{"start":{"line":43,"column":8},"end":{"line":44,"column":53}},"22":{"start":{"line":44,"column":12},"end":{"line":44,"column":53}},"23":{"start":{"line":46,"column":28},"end":{"line":46,"column":49}},"24":{"start":{"line":47,"column":8},"end":{"line":48,"column":53}},"25":{"start":{"line":48,"column":12},"end":{"line":48,"column":53}},"26":{"start":{"line":53,"column":21},"end":{"line":53,"column":52}},"27":{"start":{"line":55,"column":8},"end":{"line":55,"column":30}},"28":{"start":{"line":57,"column":8},"end":{"line":57,"column":20}},"29":{"start":{"line":61,"column":8},"end":{"line":64,"column":10}},"30":{"start":{"line":68,"column":26},"end":{"line":68,"column":57}},"31":{"start":{"line":70,"column":8},"end":{"line":70,"column":47}},"32":{"start":{"line":72,"column":8},"end":{"line":74,"column":9}},"33":{"start":{"line":73,"column":12},"end":{"line":73,"column":61}},"34":{"start":{"line":78,"column":0},"end":{"line":78,"column":22}}},"fnMap":{"0":{"name":"(anonymous_0)","decl":{"start":{"line":2,"column":4},"end":{"line":2,"column":5}},"loc":{"start":{"line":2,"column":22},"end":{"line":13,"column":5}},"line":2},"1":{"name":"(anonymous_1)","decl":{"start":{"line":15,"column":4},"end":{"line":15,"column":5}},"loc":{"start":{"line":15,"column":10},"end":{"line":50,"column":5}},"line":15},"2":{"name":"(anonymous_2)","decl":{"start":{"line":52,"column":4},"end":{"line":52,"column":5}},"loc":{"start":{"line":52,"column":14},"end":{"line":58,"column":5}},"line":52},"3":{"name":"(anonymous_3)","decl":{"start":{"line":60,"column":4},"end":{"line":60,"column":5}},"loc":{"start":{"line":60,"column":14},"end":{"line":65,"column":5}},"line":60},"4":{"name":"(anonymous_4)","decl":{"start":{"line":67,"column":4},"end":{"line":67,"column":5}},"loc":{"start":{"line":67,"column":15},"end":{"line":75,"column":5}},"line":67}},"branchMap":{"0":{"loc":{"start":{"line":43,"column":8},"end":{"line":44,"column":53}},"type":"if","locations":[{"start":{"line":43,"column":8},"end":{"line":44,"column":53}},{"start":{"line":43,"column":8},"end":{"line":44,"column":53}}],"line":43},"1":{"loc":{"start":{"line":47,"column":8},"end":{"line":48,"column":53}},"type":"if","locations":[{"start":{"line":47,"column":8},"end":{"line":48,"column":53}},{"start":{"line":47,"column":8},"end":{"line":48,"column":53}}],"line":47}},"s":{"0":1000004,"1":1000004,"2":1000004,"3":1000004,"4":1000004,"5":1000004,"6":1000001,"7":1000001,"8":1000001,"9":1000001,"10":1000001,"11":1000001,"12":1000001,"13":1000001,"14":1000001,"15":1000001,"16":1000001,"17":1000001,"18":1000001,"19":1000001,"20":1000001,"21":1000001,"22":1000001,"23":1000001,"24":1000001,"25":1000001,"26":14000045,"27":14000045,"28":14000045,"29":2000003,"30":1000004,"31":1000004,"32":1000004,"33":10000040,"34":1},"f":{"0":1000004,"1":1000001,"2":14000045,"3":2000003,"4":1000004},"b":{"0":[1000001,0],"1":[1000001,0]},"_coverageSchema":"332fd63041d2c1bcb487cc26dd0d5f7d97098a6c","hash":"729663403de2d99f68ec2bdc3c3e865ca85a0fad"}
,"/Users/kevin/Workspace/baccarat/lib/cards.js": {"path":"/Users/kevin/Workspace/baccarat/lib/cards.js","statementMap":{"0":{"start":{"line":1,"column":11},"end":{"line":1,"column":13}},"1":{"start":{"line":2,"column":17},"end":{"line":2,"column":19}},"2":{"start":{"line":4,"column":15},"end":{"line":9,"column":1}},"3":{"start":{"line":11,"column":0},"end":{"line":45,"column":1}},"4":{"start":{"line":12,"column":4},"end":{"line":44,"column":5}},"5":{"start":{"line":13,"column":8},"end":{"line":43,"column":9}},"6":{"start":{"line":14,"column":12},"end":{"line":18,"column":15}},"7":{"start":{"line":20,"column":12},"end":{"line":24,"column":15}},"8":{"start":{"line":26,"column":12},"end":{"line":30,"column":15}},"9":{"start":{"line":32,"column":12},"end":{"line":36,"column":15}},"10":{"start":{"line":38,"column":12},"end":{"line":42,"column":15}},"11":{"start":{"line":47,"column":0},"end":{"line":49,"column":1}},"12":{"start":{"line":48,"column":4},"end":{"line":48,"column":41}},"13":{"start":{"line":51,"column":0},"end":{"line":54,"column":2}}},"fnMap":{},"branchMap":{"0":{"loc":{"start":{"line":13,"column":8},"end":{"line":43,"column":9}},"type":"if","locations":[{"start":{"line":13,"column":8},"end":{"line":43,"column":9}},{"start":{"line":13,"column":8},"end":{"line":43,"column":9}}],"line":13}},"s":{"0":3,"1":3,"2":3,"3":3,"4":30,"5":120,"6":12,"7":12,"8":12,"9":12,"10":108,"11":3,"12":24,"13":3},"f":{},"b":{"0":[12,108]},"_coverageSchema":"332fd63041d2c1bcb487cc26dd0d5f7d97098a6c","hash":"1194e29c5d86b5d9d7a08dc1c07a068befb44973"}
,"/Users/kevin/Workspace/baccarat/lib/shuffler.js": {"path":"/Users/kevin/Workspace/baccarat/lib/shuffler.js","statementMap":{"0":{"start":{"line":1,"column":0},"end":{"line":18,"column":1}},"1":{"start":{"line":2,"column":24},"end":{"line":2,"column":37}},"2":{"start":{"line":4,"column":17},"end":{"line":4,"column":37}},"3":{"start":{"line":7,"column":4},"end":{"line":15,"column":5}},"4":{"start":{"line":8,"column":8},"end":{"line":8,"column":31}},"5":{"start":{"line":10,"column":19},"end":{"line":10,"column":35}},"6":{"start":{"line":12,"column":8},"end":{"line":12,"column":44}},"7":{"start":{"line":14,"column":8},"end":{"line":14,"column":32}},"8":{"start":{"line":17,"column":4},"end":{"line":17,"column":25}},"9":{"start":{"line":21,"column":4},"end":{"line":21,"column":43}}},"fnMap":{"0":{"name":"shuffler","decl":{"start":{"line":1,"column":26},"end":{"line":1,"column":34}},"loc":{"start":{"line":1,"column":41},"end":{"line":18,"column":1}},"line":1},"1":{"name":"getRandomNumber","decl":{"start":{"line":20,"column":9},"end":{"line":20,"column":24}},"loc":{"start":{"line":20,"column":29},"end":{"line":22,"column":1}},"line":20}},"branchMap":{},"s":{"0":2,"1":3,"2":3,"3":3,"4":517,"5":517,"6":517,"7":517,"8":3,"9":517},"f":{"0":3,"1":517},"b":{},"_coverageSchema":"332fd63041d2c1bcb487cc26dd0d5f7d97098a6c","hash":"afc6329d2968fdf4c5996ede405274c31c73f656"}
}
