TN:
SF:/Users/kevin/Workspace/baccarat/lib/Game.js
FN:2,(anonymous_0)
FN:15,(anonymous_1)
FN:52,(anonymous_2)
FN:60,(anonymous_3)
FN:67,(anonymous_4)
FNF:5
FNH:5
FNDA:1000004,(anonymous_0)
FNDA:1000001,(anonymous_1)
FNDA:14000045,(anonymous_2)
FNDA:2000003,(anonymous_3)
FNDA:1000004,(anonymous_4)
DA:3,1000004
DA:4,1000004
DA:5,1000004
DA:6,1000004
DA:7,1000004
DA:12,1000004
DA:16,1000001
DA:17,1000001
DA:22,1000001
DA:24,1000001
DA:25,1000001
DA:27,1000001
DA:29,1000001
DA:30,1000001
DA:32,1000001
DA:34,1000001
DA:35,1000001
DA:37,1000001
DA:39,1000001
DA:40,1000001
DA:42,1000001
DA:43,1000001
DA:44,1000001
DA:46,1000001
DA:47,1000001
DA:48,1000001
DA:53,14000045
DA:55,14000045
DA:57,14000045
DA:61,2000003
DA:68,1000004
DA:70,1000004
DA:72,1000004
DA:73,10000040
DA:78,1
LF:35
LH:35
BRDA:43,0,0,1000001
BRDA:43,0,1,0
BRDA:47,1,0,1000001
BRDA:47,1,1,0
BRF:4
BRH:2
end_of_record
TN:
SF:/Users/kevin/Workspace/baccarat/lib/cards.js
FNF:0
FNH:0
DA:1,3
DA:2,3
DA:4,3
DA:11,3
DA:12,30
DA:13,120
DA:14,12
DA:20,12
DA:26,12
DA:32,12
DA:38,108
DA:47,3
DA:48,24
DA:51,3
LF:14
LH:14
BRDA:13,0,0,12
BRDA:13,0,1,108
BRF:2
BRH:2
end_of_record
TN:
SF:/Users/kevin/Workspace/baccarat/lib/shuffler.js
FN:1,shuffler
FN:20,getRandomNumber
FNF:2
FNH:2
FNDA:3,shuffler
FNDA:517,getRandomNumber
DA:1,2
DA:2,3
DA:4,3
DA:7,3
DA:8,517
DA:10,517
DA:12,517
DA:14,517
DA:17,3
DA:21,517
LF:10
LH:10
BRF:0
BRH:0
end_of_record
